#
# There is insufficient memory for the Java Runtime Environment to continue.
# Native memory allocation (malloc) failed to allocate 193616 bytes for Chunk::new
# Possible reasons:
#   The system is out of physical RAM or swap space
#   The process is running with CompressedOops enabled, and the Java Heap may be blocking the growth of the native heap
# Possible solutions:
#   Reduce memory load on the system
#   Increase physical memory or swap space
#   Check if swap backing store is full
#   Decrease Java heap size (-Xmx/-Xms)
#   Decrease number of Java threads
#   Decrease Java thread stack sizes (-Xss)
#   Set larger code cache with -XX:ReservedCodeCacheSize=
#   JVM is running with Unscaled Compressed Oops mode in which the Java heap is
#     placed in the first 4GB address space. The Java Heap base address is the
#     maximum limit for the native heap growth. Please use -XX:HeapBaseMinAddress
#     to set the Java Heap base and to place the Java Heap above 4GB virtual address.
# This output file may be truncated or incomplete.
#
#  Out of Memory Error (t:/workspace/open/src/hotspot/share/memory/arena.cpp:198), pid=7624, tid=12372
#
# JRE version: Java(TM) SE Runtime Environment (10.0.2+13) (build 10.0.2+13)
# Java VM: Java HotSpot(TM) 64-Bit Server VM (10.0.2+13, mixed mode, tiered, compressed oops, g1 gc, windows-amd64)
# No core dump will be written. Minidumps are not enabled by default on client versions of Windows
#

---------------  S U M M A R Y ------------

Command Line: -javaagent:C:\Program Files\JetBrains\IntelliJ IDEA 2018.3.5\lib\idea_rt.jar=54762:C:\Program Files\JetBrains\IntelliJ IDEA 2018.3.5\bin -Dfile.encoding=UTF-8 Main

Host: Intel(R) Core(TM) i5-6600K CPU @ 3.50GHz, 4 cores, 7G,  Windows 10 , 64 bit Build 17134 (10.0.17134.706)
Time: Sun May 05 16:51:52 2019 ?rodkowoeuropejski czas letni elapsed time: 77 seconds (0d 0h 1m 17s)

---------------  T H R E A D  ---------------

Current thread (0x0000018732bab800):  JavaThread "C2 CompilerThread1" daemon [_thread_in_native, id=12372, stack(0x000000410eb00000,0x000000410ec00000)]


Current CompileTask:
C2:  77589 2383  s    4       java.util.Hashtable::put (104 bytes)

Stack: [0x000000410eb00000,0x000000410ec00000]
Native frames: (J=compiled Java code, j=interpreted, Vv=VM code, C=native code)
V  [jvm.dll+0x5a01a9]
V  [jvm.dll+0x6bcf31]
V  [jvm.dll+0x6be126]
V  [jvm.dll+0x6be7b3]
V  [jvm.dll+0x234978]
V  [jvm.dll+0xbb69c]
V  [jvm.dll+0xbbbac]
V  [jvm.dll+0x34bee1]
V  [jvm.dll+0x3110aa]
V  [jvm.dll+0x31063a]
V  [jvm.dll+0x1ffe91]
V  [jvm.dll+0x1ff116]
V  [jvm.dll+0x17c94b]
V  [jvm.dll+0x20c8dd]
V  [jvm.dll+0x20b6a6]
V  [jvm.dll+0x68b7ff]
V  [jvm.dll+0x59f4b0]
C  [msvcr120.dll+0x24f7f]
C  [msvcr120.dll+0x25126]
C  [KERNEL32.DLL+0x14034]
C  [ntdll.dll+0x73691]


---------------  P R O C E S S  ---------------

Threads class SMR info:
_java_thread_list=0x0000018733fac400, length=18, elements={
0x0000018732b85800, 0x0000018732b90800, 0x0000018733512800, 0x0000018732ba0000,
0x0000018732ba0800, 0x0000018732bab800, 0x0000018732bb1800, 0x0000018732bbc800,
0x00000187337e2000, 0x000001873389a800, 0x000001873389b000, 0x0000018733a25800,
0x0000018733b26000, 0x0000018733b6d800, 0x000001873d5b2800, 0x0000018711764800,
0x0000018733a29000, 0x0000018733f91800
}

Java Threads: ( => current thread )
  0x0000018732b85800 JavaThread "Reference Handler" daemon [_thread_blocked, id=13516, stack(0x000000410e600000,0x000000410e700000)]
  0x0000018732b90800 JavaThread "Finalizer" daemon [_thread_blocked, id=1944, stack(0x000000410e700000,0x000000410e800000)]
  0x0000018733512800 JavaThread "Signal Dispatcher" daemon [_thread_blocked, id=7784, stack(0x000000410e800000,0x000000410e900000)]
  0x0000018732ba0000 JavaThread "Attach Listener" daemon [_thread_blocked, id=6392, stack(0x000000410e900000,0x000000410ea00000)]
  0x0000018732ba0800 JavaThread "C2 CompilerThread0" daemon [_thread_blocked, id=7600, stack(0x000000410ea00000,0x000000410eb00000)]
=>0x0000018732bab800 JavaThread "C2 CompilerThread1" daemon [_thread_in_native, id=12372, stack(0x000000410eb00000,0x000000410ec00000)]
  0x0000018732bb1800 JavaThread "C1 CompilerThread2" daemon [_thread_blocked, id=16636, stack(0x000000410ec00000,0x000000410ed00000)]
  0x0000018732bbc800 JavaThread "Sweeper thread" daemon [_thread_blocked, id=12988, stack(0x000000410ed00000,0x000000410ee00000)]
  0x00000187337e2000 JavaThread "Common-Cleaner" daemon [_thread_blocked, id=16820, stack(0x000000410ee00000,0x000000410ef00000)]
  0x000001873389a800 JavaThread "Monitor Ctrl-Break" daemon [_thread_in_native, id=6780, stack(0x000000410ef00000,0x000000410f000000)]
  0x000001873389b000 JavaThread "Service Thread" daemon [_thread_blocked, id=11540, stack(0x000000410f000000,0x000000410f100000)]
  0x0000018733a25800 JavaThread "Java2D Disposer" daemon [_thread_blocked, id=12800, stack(0x000000410f200000,0x000000410f300000)]
  0x0000018733b26000 JavaThread "AWT-Shutdown" [_thread_blocked, id=10004, stack(0x000000410f300000,0x000000410f400000)]
  0x0000018733b6d800 JavaThread "AWT-Windows" daemon [_thread_in_native, id=5220, stack(0x000000410f400000,0x000000410f500000)]
  0x000001873d5b2800 JavaThread "AWT-EventQueue-0" [_thread_in_native, id=10316, stack(0x000000410f700000,0x000000410f800000)]
  0x0000018711764800 JavaThread "DestroyJavaVM" [_thread_blocked, id=8980, stack(0x000000410d900000,0x000000410da00000)]
  0x0000018733a29000 JavaThread "D3D Screen Updater" daemon [_thread_blocked, id=4720, stack(0x000000410f800000,0x000000410f900000)]
  0x0000018733f91800 JavaThread "Thread-0" [_thread_in_Java, id=13204, stack(0x000000410f930000,0x000000410fa30000)]

Other Threads:
  0x0000018732b81000 VMThread "VM Thread" [stack: 0x000000410e500000,0x000000410e600000] [id=2768]
  0x00000187337fc000 WatcherThread [stack: 0x000000410f100000,0x000000410f200000] [id=8688]
  0x000001871177e000 GCTaskThread "GC Thread#0" [stack: 0x000000410da00000,0x000000410db00000] [id=17460]
  0x000001871177f000 GCTaskThread "GC Thread#1" [stack: 0x000000410db00000,0x000000410dc00000] [id=1124]
  0x0000018711780800 GCTaskThread "GC Thread#2" [stack: 0x000000410dc00000,0x000000410dd00000] [id=2868]
  0x0000018711786000 GCTaskThread "GC Thread#3" [stack: 0x000000410dd00000,0x000000410de00000] [id=18772]
  0x00000187117fd800 ConcurrentGCThread "G1 Main Marker" [stack: 0x000000410de00000,0x000000410df00000] [id=2548]
  0x0000018711800800 ConcurrentGCThread "G1 Conc#0" [stack: 0x000000410df00000,0x000000410e000000] [id=15640]
  0x0000018732a03800 ConcurrentGCThread "G1 Refine#0" [stack: 0x000000410e000000,0x000000410e100000] [id=3780]
  0x0000018732a04000 ConcurrentGCThread "G1 Refine#1" [stack: 0x000000410e100000,0x000000410e200000] [id=14208]
  0x0000018732a07000 ConcurrentGCThread "G1 Refine#2" [stack: 0x000000410e200000,0x000000410e300000] [id=16320]
  0x0000018732a10000 ConcurrentGCThread "G1 Refine#3" [stack: 0x000000410e300000,0x000000410e400000] [id=1892]
  0x0000018732a11000 ConcurrentGCThread "G1 Young RemSet Sampling" [stack: 0x000000410e400000,0x000000410e500000] [id=17132]

Threads with active compile tasks:
C2 CompilerThread12383  s    4       java.util.Hashtable::put (104 bytes)

VM state:not at safepoint (normal execution)

VM Mutex/Monitor currently owned by a thread: None

Heap address: 0x0000000080c00000, size: 2036 MB, Compressed Oops mode: 32-bit
Narrow klass base: 0x0000000000000000, Narrow klass shift: 3
Compressed class space size: 1073741824 Address: 0x0000000100000000

Heap:
 garbage-first heap   total 131072K, used 41556K [0x0000000080c00000, 0x0000000100000000)
  region size 1024K, 34 young (34816K), 6 survivors (6144K)
 Metaspace       used 16267K, capacity 16765K, committed 17024K, reserved 1064960K
  class space    used 1606K, capacity 1855K, committed 1920K, reserved 1048576K
Heap Regions: E=young(eden), S=young(survivor), O=old, HS=humongous(starts), HC=humongous(continues), CS=collection set, F=free, A=archive, TS=gc time stamp, AC=allocation context, TAMS=top-at-mark-start (previous, next)
|   0|0x0000000080c00000, 0x0000000080d00000, 0x0000000080d00000|100%| O|  |TS  2|AC  0|TAMS 0x0000000080c00000, 0x0000000080c00000|
|   1|0x0000000080d00000, 0x0000000080e00000, 0x0000000080e00000|100%| O|  |TS  2|AC  0|TAMS 0x0000000080d00000, 0x0000000080d00000|
|   2|0x0000000080e00000, 0x0000000080f00000, 0x0000000080f00000|100%| O|  |TS 12|AC  0|TAMS 0x0000000080e00000, 0x0000000080e00000|
|   3|0x0000000080f00000, 0x0000000081000000, 0x0000000081000000|100%| O|  |TS 14|AC  0|TAMS 0x0000000080f00000, 0x0000000080f00000|
|   4|0x0000000081000000, 0x0000000081100000, 0x0000000081100000|100%| O|  |TS 15|AC  0|TAMS 0x0000000081000000, 0x0000000081000000|
|   5|0x0000000081100000, 0x0000000081200000, 0x0000000081200000|100%| O|  |TS 17|AC  0|TAMS 0x0000000081100000, 0x0000000081100000|
|   6|0x0000000081200000, 0x0000000081300000, 0x0000000081300000|100%| O|  |TS 18|AC  0|TAMS 0x0000000081200000, 0x0000000081200000|
|   7|0x0000000081300000, 0x00000000813c4e00, 0x0000000081400000| 76%| O|  |TS 19|AC  0|TAMS 0x0000000081300000, 0x0000000081300000|
|   8|0x0000000081400000, 0x0000000081400000, 0x0000000081500000|  0%| F|  |TS  0|AC  0|TAMS 0x0000000081400000, 0x0000000081400000|
|   9|0x0000000081500000, 0x0000000081500000, 0x0000000081600000|  0%| F|  |TS  0|AC  0|TAMS 0x0000000081500000, 0x0000000081500000|
|  10|0x0000000081600000, 0x0000000081600000, 0x0000000081700000|  0%| F|  |TS  0|AC  0|TAMS 0x0000000081600000, 0x0000000081600000|
|  11|0x0000000081700000, 0x0000000081700000, 0x0000000081800000|  0%| F|  |TS  0|AC  0|TAMS 0x0000000081700000, 0x0000000081700000|
|  12|0x0000000081800000, 0x0000000081800000, 0x0000000081900000|  0%| F|  |TS  0|AC  0|TAMS 0x0000000081800000, 0x0000000081800000|
|  13|0x0000000081900000, 0x0000000081900000, 0x0000000081a00000|  0%| F|  |TS  0|AC  0|TAMS 0x0000000081900000, 0x0000000081900000|
|  14|0x0000000081a00000, 0x0000000081a00000, 0x0000000081b00000|  0%| F|  |TS  0|AC  0|TAMS 0x0000000081a00000, 0x0000000081a00000|
|  15|0x0000000081b00000, 0x0000000081b00000, 0x0000000081c00000|  0%| F|  |TS  0|AC  0|TAMS 0x0000000081b00000, 0x0000000081b00000|
|  16|0x0000000081c00000, 0x0000000081c00000, 0x0000000081d00000|  0%| F|  |TS  0|AC  0|TAMS 0x0000000081c00000, 0x0000000081c00000|
|  17|0x0000000081d00000, 0x0000000081d00000, 0x0000000081e00000|  0%| F|  |TS  0|AC  0|TAMS 0x0000000081d00000, 0x0000000081d00000|
|  18|0x0000000081e00000, 0x0000000081e00000, 0x0000000081f00000|  0%| F|  |TS  0|AC  0|TAMS 0x0000000081e00000, 0x0000000081e00000|
|  19|0x0000000081f00000, 0x0000000081f00000, 0x0000000082000000|  0%| F|  |TS  0|AC  0|TAMS 0x0000000081f00000, 0x0000000081f00000|
|  20|0x0000000082000000, 0x0000000082000000, 0x0000000082100000|  0%| F|  |TS  0|AC  0|TAMS 0x0000000082000000, 0x0000000082000000|
|  21|0x0000000082100000, 0x0000000082100000, 0x0000000082200000|  0%| F|  |TS  0|AC  0|TAMS 0x0000000082100000, 0x0000000082100000|
|  22|0x0000000082200000, 0x0000000082200000, 0x0000000082300000|  0%| F|  |TS  0|AC  0|TAMS 0x0000000082200000, 0x0000000082200000|
|  23|0x0000000082300000, 0x0000000082300000, 0x0000000082400000|  0%| F|  |TS  0|AC  0|TAMS 0x0000000082300000, 0x0000000082300000|
|  24|0x0000000082400000, 0x0000000082400000, 0x0000000082500000|  0%| F|  |TS  0|AC  0|TAMS 0x0000000082400000, 0x0000000082400000|
|  25|0x0000000082500000, 0x0000000082500000, 0x0000000082600000|  0%| F|  |TS  0|AC  0|TAMS 0x0000000082500000, 0x0000000082500000|
|  26|0x0000000082600000, 0x0000000082600000, 0x0000000082700000|  0%| F|  |TS  0|AC  0|TAMS 0x0000000082600000, 0x0000000082600000|
|  27|0x0000000082700000, 0x0000000082700000, 0x0000000082800000|  0%| F|  |TS  0|AC  0|TAMS 0x0000000082700000, 0x0000000082700000|
|  28|0x0000000082800000, 0x0000000082800000, 0x0000000082900000|  0%| F|  |TS  0|AC  0|TAMS 0x0000000082800000, 0x0000000082800000|
|  29|0x0000000082900000, 0x0000000082900000, 0x0000000082a00000|  0%| F|  |TS  0|AC  0|TAMS 0x0000000082900000, 0x0000000082900000|
|  30|0x0000000082a00000, 0x0000000082a00000, 0x0000000082b00000|  0%| F|  |TS  0|AC  0|TAMS 0x0000000082a00000, 0x0000000082a00000|
|  31|0x0000000082b00000, 0x0000000082b00000, 0x0000000082c00000|  0%| F|  |TS  0|AC  0|TAMS 0x0000000082b00000, 0x0000000082b00000|
|  32|0x0000000082c00000, 0x0000000082c00000, 0x0000000082d00000|  0%| F|  |TS  0|AC  0|TAMS 0x0000000082c00000, 0x0000000082c00000|
|  33|0x0000000082d00000, 0x0000000082d00000, 0x0000000082e00000|  0%| F|  |TS  0|AC  0|TAMS 0x0000000082d00000, 0x0000000082d00000|
|  34|0x0000000082e00000, 0x0000000082e00000, 0x0000000082f00000|  0%| F|  |TS  0|AC  0|TAMS 0x0000000082e00000, 0x0000000082e00000|
|  35|0x0000000082f00000, 0x0000000082f00000, 0x0000000083000000|  0%| F|  |TS  0|AC  0|TAMS 0x0000000082f00000, 0x0000000082f00000|
|  36|0x0000000083000000, 0x0000000083000000, 0x0000000083100000|  0%| F|  |TS  0|AC  0|TAMS 0x0000000083000000, 0x0000000083000000|
|  37|0x0000000083100000, 0x0000000083100000, 0x0000000083200000|  0%| F|  |TS  0|AC  0|TAMS 0x0000000083100000, 0x0000000083100000|
|  38|0x0000000083200000, 0x0000000083200000, 0x0000000083300000|  0%| F|  |TS  0|AC  0|TAMS 0x0000000083200000, 0x0000000083200000|
|  39|0x0000000083300000, 0x0000000083300000, 0x0000000083400000|  0%| F|  |TS  0|AC  0|TAMS 0x0000000083300000, 0x0000000083300000|
|  40|0x0000000083400000, 0x0000000083400000, 0x0000000083500000|  0%| F|  |TS  0|AC  0|TAMS 0x0000000083400000, 0x0000000083400000|
|  41|0x0000000083500000, 0x0000000083500000, 0x0000000083600000|  0%| F|  |TS  0|AC  0|TAMS 0x0000000083500000, 0x0000000083500000|
|  42|0x0000000083600000, 0x0000000083600000, 0x0000000083700000|  0%| F|  |TS  0|AC  0|TAMS 0x0000000083600000, 0x0000000083600000|
|  43|0x0000000083700000, 0x0000000083700000, 0x0000000083800000|  0%| F|  |TS  0|AC  0|TAMS 0x0000000083700000, 0x0000000083700000|
|  44|0x0000000083800000, 0x0000000083800000, 0x0000000083900000|  0%| F|  |TS  0|AC  0|TAMS 0x0000000083800000, 0x0000000083800000|
|  45|0x0000000083900000, 0x0000000083900000, 0x0000000083a00000|  0%| F|  |TS 19|AC  0|TAMS 0x0000000083900000, 0x0000000083900000|
|  46|0x0000000083a00000, 0x0000000083a00000, 0x0000000083b00000|  0%| F|  |TS 19|AC  0|TAMS 0x0000000083a00000, 0x0000000083a00000|
|  47|0x0000000083b00000, 0x0000000083b00000, 0x0000000083c00000|  0%| F|  |TS 18|AC  0|TAMS 0x0000000083b00000, 0x0000000083b00000|
|  48|0x0000000083c00000, 0x0000000083cd0218, 0x0000000083d00000| 81%| S|CS|TS 19|AC  0|TAMS 0x0000000083c00000, 0x0000000083c00000|
|  49|0x0000000083d00000, 0x0000000083d00000, 0x0000000083e00000|  0%| F|  |TS 19|AC  0|TAMS 0x0000000083d00000, 0x0000000083d00000|
|  50|0x0000000083e00000, 0x0000000083e00000, 0x0000000083f00000|  0%| F|  |TS 19|AC  0|TAMS 0x0000000083e00000, 0x0000000083e00000|
|  51|0x0000000083f00000, 0x0000000083f00000, 0x0000000084000000|  0%| F|  |TS 19|AC  0|TAMS 0x0000000083f00000, 0x0000000083f00000|
|  52|0x0000000084000000, 0x0000000084100000, 0x0000000084100000|100%| S|CS|TS 19|AC  0|TAMS 0x0000000084000000, 0x0000000084000000|
|  53|0x0000000084100000, 0x0000000084200000, 0x0000000084200000|100%| S|CS|TS 19|AC  0|TAMS 0x0000000084100000, 0x0000000084100000|
|  54|0x0000000084200000, 0x0000000084300000, 0x0000000084300000|100%| S|CS|TS 19|AC  0|TAMS 0x0000000084200000, 0x0000000084200000|
|  55|0x0000000084300000, 0x0000000084300000, 0x0000000084400000|  0%| F|  |TS 19|AC  0|TAMS 0x0000000084300000, 0x0000000084300000|
|  56|0x0000000084400000, 0x0000000084400000, 0x0000000084500000|  0%| F|  |TS 19|AC  0|TAMS 0x0000000084400000, 0x0000000084400000|
|  57|0x0000000084500000, 0x0000000084600000, 0x0000000084600000|100%| S|CS|TS 19|AC  0|TAMS 0x0000000084500000, 0x0000000084500000|
|  58|0x0000000084600000, 0x0000000084700000, 0x0000000084700000|100%| S|CS|TS 19|AC  0|TAMS 0x0000000084600000, 0x0000000084600000|
|  59|0x0000000084700000, 0x0000000084700000, 0x0000000084800000|  0%| F|  |TS 19|AC  0|TAMS 0x0000000084700000, 0x0000000084700000|
|  60|0x0000000084800000, 0x0000000084800000, 0x0000000084900000|  0%| F|  |TS 19|AC  0|TAMS 0x0000000084800000, 0x0000000084800000|
|  61|0x0000000084900000, 0x0000000084900000, 0x0000000084a00000|  0%| F|  |TS 19|AC  0|TAMS 0x0000000084900000, 0x0000000084900000|
|  62|0x0000000084a00000, 0x0000000084a00000, 0x0000000084b00000|  0%| F|  |TS 19|AC  0|TAMS 0x0000000084a00000, 0x0000000084a00000|
|  63|0x0000000084b00000, 0x0000000084b00000, 0x0000000084c00000|  0%| F|  |TS 19|AC  0|TAMS 0x0000000084b00000, 0x0000000084b00000|
|  64|0x0000000084c00000, 0x0000000084c00000, 0x0000000084d00000|  0%| F|  |TS 19|AC  0|TAMS 0x0000000084c00000, 0x0000000084c00000|
|  65|0x0000000084d00000, 0x0000000084d00000, 0x0000000084e00000|  0%| F|  |TS 19|AC  0|TAMS 0x0000000084d00000, 0x0000000084d00000|
|  66|0x0000000084e00000, 0x0000000084e00000, 0x0000000084f00000|  0%| F|  |TS 19|AC  0|TAMS 0x0000000084e00000, 0x0000000084e00000|
|  67|0x0000000084f00000, 0x0000000084f00000, 0x0000000085000000|  0%| F|  |TS 19|AC  0|TAMS 0x0000000084f00000, 0x0000000084f00000|
|  68|0x0000000085000000, 0x0000000085000000, 0x0000000085100000|  0%| F|  |TS 19|AC  0|TAMS 0x0000000085000000, 0x0000000085000000|
|  69|0x0000000085100000, 0x0000000085100000, 0x0000000085200000|  0%| F|  |TS 19|AC  0|TAMS 0x0000000085100000, 0x0000000085100000|
|  70|0x0000000085200000, 0x0000000085200000, 0x0000000085300000|  0%| F|  |TS 19|AC  0|TAMS 0x0000000085200000, 0x0000000085200000|
|  71|0x0000000085300000, 0x0000000085300000, 0x0000000085400000|  0%| F|  |TS 19|AC  0|TAMS 0x0000000085300000, 0x0000000085300000|
|  72|0x0000000085400000, 0x0000000085400000, 0x0000000085500000|  0%| F|  |TS 19|AC  0|TAMS 0x0000000085400000, 0x0000000085400000|
|  73|0x0000000085500000, 0x0000000085500000, 0x0000000085600000|  0%| F|  |TS 19|AC  0|TAMS 0x0000000085500000, 0x0000000085500000|
|  74|0x0000000085600000, 0x0000000085600000, 0x0000000085700000|  0%| F|  |TS 19|AC  0|TAMS 0x0000000085600000, 0x0000000085600000|
|  75|0x0000000085700000, 0x0000000085700000, 0x0000000085800000|  0%| F|  |TS 19|AC  0|TAMS 0x0000000085700000, 0x0000000085700000|
|  76|0x0000000085800000, 0x0000000085800000, 0x0000000085900000|  0%| F|  |TS 19|AC  0|TAMS 0x0000000085800000, 0x0000000085800000|
|  77|0x0000000085900000, 0x0000000085900000, 0x0000000085a00000|  0%| F|  |TS 19|AC  0|TAMS 0x0000000085900000, 0x0000000085900000|
|  78|0x0000000085a00000, 0x0000000085a00000, 0x0000000085b00000|  0%| F|  |TS 19|AC  0|TAMS 0x0000000085a00000, 0x0000000085a00000|
|  79|0x0000000085b00000, 0x0000000085b00000, 0x0000000085c00000|  0%| F|  |TS 19|AC  0|TAMS 0x0000000085b00000, 0x0000000085b00000|
|  80|0x0000000085c00000, 0x0000000085c00000, 0x0000000085d00000|  0%| F|  |TS 19|AC  0|TAMS 0x0000000085c00000, 0x0000000085c00000|
|  81|0x0000000085d00000, 0x0000000085d00000, 0x0000000085e00000|  0%| F|  |TS 19|AC  0|TAMS 0x0000000085d00000, 0x0000000085d00000|
|  82|0x0000000085e00000, 0x0000000085e00000, 0x0000000085f00000|  0%| F|  |TS 19|AC  0|TAMS 0x0000000085e00000, 0x0000000085e00000|
|  83|0x0000000085f00000, 0x0000000085f00000, 0x0000000086000000|  0%| F|  |TS 19|AC  0|TAMS 0x0000000085f00000, 0x0000000085f00000|
|  84|0x0000000086000000, 0x0000000086000000, 0x0000000086100000|  0%| F|  |TS 19|AC  0|TAMS 0x0000000086000000, 0x0000000086000000|
|  85|0x0000000086100000, 0x0000000086100000, 0x0000000086200000|  0%| F|  |TS 19|AC  0|TAMS 0x0000000086100000, 0x0000000086100000|
|  86|0x0000000086200000, 0x0000000086200000, 0x0000000086300000|  0%| F|  |TS 19|AC  0|TAMS 0x0000000086200000, 0x0000000086200000|
|  87|0x0000000086300000, 0x0000000086300000, 0x0000000086400000|  0%| F|  |TS 19|AC  0|TAMS 0x0000000086300000, 0x0000000086300000|
|  88|0x0000000086400000, 0x0000000086400000, 0x0000000086500000|  0%| F|  |TS 19|AC  0|TAMS 0x0000000086400000, 0x0000000086400000|
|  89|0x0000000086500000, 0x0000000086500000, 0x0000000086600000|  0%| F|  |TS 19|AC  0|TAMS 0x0000000086500000, 0x0000000086500000|
|  90|0x0000000086600000, 0x0000000086600000, 0x0000000086700000|  0%| F|  |TS 19|AC  0|TAMS 0x0000000086600000, 0x0000000086600000|
|  91|0x0000000086700000, 0x0000000086700000, 0x0000000086800000|  0%| F|  |TS 19|AC  0|TAMS 0x0000000086700000, 0x0000000086700000|
|  92|0x0000000086800000, 0x0000000086800000, 0x0000000086900000|  0%| F|  |TS 19|AC  0|TAMS 0x0000000086800000, 0x0000000086800000|
|  93|0x0000000086900000, 0x0000000086900000, 0x0000000086a00000|  0%| F|  |TS 19|AC  0|TAMS 0x0000000086900000, 0x0000000086900000|
|  94|0x0000000086a00000, 0x0000000086a00000, 0x0000000086b00000|  0%| F|  |TS 19|AC  0|TAMS 0x0000000086a00000, 0x0000000086a00000|
|  95|0x0000000086b00000, 0x0000000086b00000, 0x0000000086c00000|  0%| F|  |TS 19|AC  0|TAMS 0x0000000086b00000, 0x0000000086b00000|
|  96|0x0000000086c00000, 0x0000000086c00000, 0x0000000086d00000|  0%| F|  |TS 19|AC  0|TAMS 0x0000000086c00000, 0x0000000086c00000|
|  97|0x0000000086d00000, 0x0000000086d00000, 0x0000000086e00000|  0%| F|  |TS 19|AC  0|TAMS 0x0000000086d00000, 0x0000000086d00000|
|  98|0x0000000086e00000, 0x0000000086e00000, 0x0000000086f00000|  0%| F|  |TS 19|AC  0|TAMS 0x0000000086e00000, 0x0000000086e00000|
|  99|0x0000000086f00000, 0x0000000086f00000, 0x0000000087000000|  0%| F|  |TS 19|AC  0|TAMS 0x0000000086f00000, 0x0000000086f00000|
| 100|0x0000000087000000, 0x0000000087100000, 0x0000000087100000|100%| E|  |TS 19|AC  0|TAMS 0x0000000087000000, 0x0000000087000000|
| 101|0x0000000087100000, 0x0000000087200000, 0x0000000087200000|100%| E|CS|TS 19|AC  0|TAMS 0x0000000087100000, 0x0000000087100000|
| 102|0x0000000087200000, 0x0000000087300000, 0x0000000087300000|100%| E|CS|TS 19|AC  0|TAMS 0x0000000087200000, 0x0000000087200000|
| 103|0x0000000087300000, 0x0000000087400000, 0x0000000087400000|100%| E|CS|TS 19|AC  0|TAMS 0x0000000087300000, 0x0000000087300000|
| 104|0x0000000087400000, 0x0000000087500000, 0x0000000087500000|100%| E|CS|TS 19|AC  0|TAMS 0x0000000087400000, 0x0000000087400000|
| 105|0x0000000087500000, 0x0000000087600000, 0x0000000087600000|100%| E|CS|TS 19|AC  0|TAMS 0x0000000087500000, 0x0000000087500000|
| 106|0x0000000087600000, 0x0000000087700000, 0x0000000087700000|100%| E|CS|TS 19|AC  0|TAMS 0x0000000087600000, 0x0000000087600000|
| 107|0x0000000087700000, 0x0000000087800000, 0x0000000087800000|100%| E|CS|TS 19|AC  0|TAMS 0x0000000087700000, 0x0000000087700000|
| 108|0x0000000087800000, 0x0000000087900000, 0x0000000087900000|100%| E|CS|TS 19|AC  0|TAMS 0x0000000087800000, 0x0000000087800000|
| 109|0x0000000087900000, 0x0000000087a00000, 0x0000000087a00000|100%| E|CS|TS 19|AC  0|TAMS 0x0000000087900000, 0x0000000087900000|
| 110|0x0000000087a00000, 0x0000000087b00000, 0x0000000087b00000|100%| E|CS|TS 19|AC  0|TAMS 0x0000000087a00000, 0x0000000087a00000|
| 111|0x0000000087b00000, 0x0000000087c00000, 0x0000000087c00000|100%| E|CS|TS 19|AC  0|TAMS 0x0000000087b00000, 0x0000000087b00000|
| 112|0x0000000087c00000, 0x0000000087d00000, 0x0000000087d00000|100%| E|CS|TS 19|AC  0|TAMS 0x0000000087c00000, 0x0000000087c00000|
| 113|0x0000000087d00000, 0x0000000087e00000, 0x0000000087e00000|100%| E|CS|TS 19|AC  0|TAMS 0x0000000087d00000, 0x0000000087d00000|
| 114|0x0000000087e00000, 0x0000000087f00000, 0x0000000087f00000|100%| E|CS|TS 19|AC  0|TAMS 0x0000000087e00000, 0x0000000087e00000|
| 115|0x0000000087f00000, 0x0000000088000000, 0x0000000088000000|100%| E|CS|TS 19|AC  0|TAMS 0x0000000087f00000, 0x0000000087f00000|
| 116|0x0000000088000000, 0x0000000088100000, 0x0000000088100000|100%| E|CS|TS 19|AC  0|TAMS 0x0000000088000000, 0x0000000088000000|
| 117|0x0000000088100000, 0x0000000088200000, 0x0000000088200000|100%| E|CS|TS 19|AC  0|TAMS 0x0000000088100000, 0x0000000088100000|
| 118|0x0000000088200000, 0x0000000088300000, 0x0000000088300000|100%| E|CS|TS 19|AC  0|TAMS 0x0000000088200000, 0x0000000088200000|
| 119|0x0000000088300000, 0x0000000088400000, 0x0000000088400000|100%| E|CS|TS 19|AC  0|TAMS 0x0000000088300000, 0x0000000088300000|
| 120|0x0000000088400000, 0x0000000088500000, 0x0000000088500000|100%| E|CS|TS 19|AC  0|TAMS 0x0000000088400000, 0x0000000088400000|
| 121|0x0000000088500000, 0x0000000088600000, 0x0000000088600000|100%| E|CS|TS 19|AC  0|TAMS 0x0000000088500000, 0x0000000088500000|
| 122|0x0000000088600000, 0x0000000088700000, 0x0000000088700000|100%| E|CS|TS 19|AC  0|TAMS 0x0000000088600000, 0x0000000088600000|
| 123|0x0000000088700000, 0x0000000088800000, 0x0000000088800000|100%| E|CS|TS 19|AC  0|TAMS 0x0000000088700000, 0x0000000088700000|
| 124|0x0000000088800000, 0x0000000088900000, 0x0000000088900000|100%| E|CS|TS 19|AC  0|TAMS 0x0000000088800000, 0x0000000088800000|
| 125|0x0000000088900000, 0x0000000088a00000, 0x0000000088a00000|100%| E|CS|TS 19|AC  0|TAMS 0x0000000088900000, 0x0000000088900000|
| 126|0x0000000088a00000, 0x0000000088b00000, 0x0000000088b00000|100%| E|CS|TS 19|AC  0|TAMS 0x0000000088a00000, 0x0000000088a00000|
| 127|0x0000000088b00000, 0x0000000088c00000, 0x0000000088c00000|100%| E|CS|TS 19|AC  0|TAMS 0x0000000088b00000, 0x0000000088b00000|

Card table byte_map: [0x000001872bef0000,0x000001872c2f0000] byte_map_base: 0x000001872baea000

Marking Bits (Prev, Next): (CMBitMap*) 0x00000187117fd060, (CMBitMap*) 0x00000187117fd098
 Prev Bits: [0x000001872c6f0000, 0x000001872e6c0000)
 Next Bits: [0x000001872e6c0000, 0x0000018730690000)

Polling page: 0x000001870f590000

CodeHeap 'non-profiled nmethods': size=120064Kb used=1401Kb max_used=1401Kb free=118662Kb
 bounds [0x00000187245b0000, 0x0000018724820000, 0x000001872baf0000]
CodeHeap 'profiled nmethods': size=120000Kb used=4879Kb max_used=4879Kb free=115120Kb
 bounds [0x000001871d080000, 0x000001871d550000, 0x00000187245b0000]
CodeHeap 'non-nmethods': size=5696Kb used=1228Kb max_used=1276Kb free=4467Kb
 bounds [0x000001871caf0000, 0x000001871cd60000, 0x000001871d080000]
 total_blobs=3647 nmethods=2384 adapters=516
 compilation: enabled

Compilation events (10 events):
Event: 73.975 Thread 0x0000018732bab800 nmethod 2378 0x000001872470a910 code [0x000001872470aac0, 0x000001872470abc8]
Event: 74.874 Thread 0x0000018732bb1800 2379       1       java.awt.Window::adjustDescendantsOnParent (1 bytes)
Event: 74.875 Thread 0x0000018732bb1800 nmethod 2379 0x000001872470ac90 code [0x000001872470ae40, 0x000001872470af58]
Event: 75.039 Thread 0x0000018732ba0800 2380   !   4       java.awt.Container::mixOnReshaping (149 bytes)
Event: 75.044 Thread 0x0000018732ba0800 nmethod 2380 0x000001872470b010 code [0x000001872470b280, 0x000001872470bbf0]
Event: 75.965 Thread 0x0000018732bab800 2381       4       java.io.WinNTFileSystem::normalize (143 bytes)
Event: 75.967 Thread 0x0000018732bab800 nmethod 2381 0x000001872470c210 code [0x000001872470c3c0, 0x000001872470c628]
Event: 76.486 Thread 0x0000018732ba0800 2382       4       java.awt.Container::checkGD (42 bytes)
Event: 76.496 Thread 0x0000018732ba0800 nmethod 2382 0x000001872470c890 code [0x000001872470cac0, 0x000001872470d370]
Event: 77.361 Thread 0x0000018732bab800 2383  s    4       java.util.Hashtable::put (104 bytes)

GC Heap History (10 events):
Event: 58.716 GC heap before
{Heap before GC invocations=14 (full 0):
 garbage-first heap   total 131072K, used 82405K [0x0000000080c00000, 0x0000000100000000)
  region size 1024K, 76 young (77824K), 6 survivors (6144K)
 Metaspace       used 16264K, capacity 16765K, committed 17024K, reserved 1064960K
  class space    used 1606K, capacity 1855K, committed 1920K, reserved 1048576K
}
Event: 58.724 GC heap after
{Heap after GC invocations=15 (full 0):
 garbage-first heap   total 131072K, used 11253K [0x0000000080c00000, 0x0000000100000000)
  region size 1024K, 6 young (6144K), 6 survivors (6144K)
 Metaspace       used 16264K, capacity 16765K, committed 17024K, reserved 1064960K
  class space    used 1606K, capacity 1855K, committed 1920K, reserved 1048576K
}
Event: 63.743 GC heap before
{Heap before GC invocations=15 (full 0):
 garbage-first heap   total 131072K, used 82933K [0x0000000080c00000, 0x0000000100000000)
  region size 1024K, 76 young (77824K), 6 survivors (6144K)
 Metaspace       used 16264K, capacity 16765K, committed 17024K, reserved 1064960K
  class space    used 1606K, capacity 1855K, committed 1920K, reserved 1048576K
}
Event: 63.748 GC heap after
{Heap after GC invocations=16 (full 0):
 garbage-first heap   total 131072K, used 11926K [0x0000000080c00000, 0x0000000100000000)
  region size 1024K, 6 young (6144K), 6 survivors (6144K)
 Metaspace       used 16264K, capacity 16765K, committed 17024K, reserved 1064960K
  class space    used 1606K, capacity 1855K, committed 1920K, reserved 1048576K
}
Event: 69.266 GC heap before
{Heap before GC invocations=16 (full 0):
 garbage-first heap   total 131072K, used 83606K [0x0000000080c00000, 0x0000000100000000)
  region size 1024K, 76 young (77824K), 6 survivors (6144K)
 Metaspace       used 16267K, capacity 16765K, committed 17024K, reserved 1064960K
  class space    used 1606K, capacity 1855K, committed 1920K, reserved 1048576K
}
Event: 69.273 GC heap after
{Heap after GC invocations=17 (full 0):
 garbage-first heap   total 131072K, used 12601K [0x0000000080c00000, 0x0000000100000000)
  region size 1024K, 6 young (6144K), 6 survivors (6144K)
 Metaspace       used 16267K, capacity 16765K, committed 17024K, reserved 1064960K
  class space    used 1606K, capacity 1855K, committed 1920K, reserved 1048576K
}
Event: 75.126 GC heap before
{Heap before GC invocations=17 (full 0):
 garbage-first heap   total 131072K, used 84281K [0x0000000080c00000, 0x0000000100000000)
  region size 1024K, 76 young (77824K), 6 survivors (6144K)
 Metaspace       used 16267K, capacity 16765K, committed 17024K, reserved 1064960K
  class space    used 1606K, capacity 1855K, committed 1920K, reserved 1048576K
}
Event: 75.135 GC heap after
{Heap after GC invocations=18 (full 0):
 garbage-first heap   total 131072K, used 13711K [0x0000000080c00000, 0x0000000100000000)
  region size 1024K, 7 young (7168K), 7 survivors (7168K)
 Metaspace       used 16267K, capacity 16765K, committed 17024K, reserved 1064960K
  class space    used 1606K, capacity 1855K, committed 1920K, reserved 1048576K
}
Event: 77.166 GC heap before
{Heap before GC invocations=18 (full 0):
 garbage-first heap   total 131072K, used 84367K [0x0000000080c00000, 0x0000000100000000)
  region size 1024K, 76 young (77824K), 7 survivors (7168K)
 Metaspace       used 16267K, capacity 16765K, committed 17024K, reserved 1064960K
  class space    used 1606K, capacity 1855K, committed 1920K, reserved 1048576K
}
Event: 77.171 GC heap after
{Heap after GC invocations=19 (full 0):
 garbage-first heap   total 131072K, used 13908K [0x0000000080c00000, 0x0000000100000000)
  region size 1024K, 6 young (6144K), 6 survivors (6144K)
 Metaspace       used 16267K, capacity 16765K, committed 17024K, reserved 1064960K
  class space    used 1606K, capacity 1855K, committed 1920K, reserved 1048576K
}

Deoptimization events (10 events):
Event: 16.545 Thread 0x000001873d5b2800 Uncommon trap: reason=class_check action=maybe_recompile pc=0x000001872464f91c method=jdk.internal.misc.Unsafe.allocateUninitializedArray(Ljava/lang/Class;I)Ljava/lang/Object; @ 48 c2
Event: 16.975 Thread 0x000001873d5b2800 Uncommon trap: reason=speculate_null_assert action=make_not_entrant pc=0x0000018724677e74 method=javax.swing.UIDefaults.get(Ljava/lang/Object;)Ljava/lang/Object; @ 7 c2
Event: 17.112 Thread 0x000001873d5b2800 Uncommon trap: reason=predicate action=maybe_recompile pc=0x0000018724685364 method=java.util.AbstractCollection.toArray([Ljava/lang/Object;)[Ljava/lang/Object; @ 46 c2
Event: 17.158 Thread 0x000001873d5b2800 Uncommon trap: reason=array_check action=maybe_recompile pc=0x0000018724688bf8 method=java.util.AbstractCollection.toArray([Ljava/lang/Object;)[Ljava/lang/Object; @ 116 c2
Event: 17.158 Thread 0x000001873d5b2800 Uncommon trap: reason=array_check action=maybe_recompile pc=0x0000018724688bf8 method=java.util.AbstractCollection.toArray([Ljava/lang/Object;)[Ljava/lang/Object; @ 116 c2
Event: 17.158 Thread 0x000001873d5b2800 Uncommon trap: reason=array_check action=maybe_recompile pc=0x0000018724688bf8 method=java.util.AbstractCollection.toArray([Ljava/lang/Object;)[Ljava/lang/Object; @ 116 c2
Event: 17.159 Thread 0x000001873d5b2800 Uncommon trap: reason=array_check action=maybe_recompile pc=0x0000018724688bf8 method=java.util.AbstractCollection.toArray([Ljava/lang/Object;)[Ljava/lang/Object; @ 116 c2
Event: 17.712 Thread 0x000001873d5b2800 Uncommon trap: reason=speculate_null_assert action=make_not_entrant pc=0x00000187246a1118 method=javax.swing.UIDefaults.get(Ljava/lang/Object;)Ljava/lang/Object; @ 7 c2
Event: 66.068 Thread 0x000001873d5b2800 Uncommon trap: reason=unstable_if action=reinterpret pc=0x00000187246affc4 method=java.awt.EventQueue.coalesceEvent(Ljava/awt/AWTEvent;I)Z @ 16 c2
Event: 66.069 Thread 0x000001873d5b2800 Uncommon trap: reason=unstable_if action=reinterpret pc=0x00000187246ae288 method=java.awt.EventQueue.coalesceEvent(Ljava/awt/AWTEvent;I)Z @ 16 c2

Classes redefined (0 events):
No events

Internal exceptions (10 events):
Event: 14.645 Thread 0x000001873d5b2800 Exception <a 'java/lang/NoSuchMethodError'{0x00000000889b18f8}: method resolution failed> (0x00000000889b18f8) thrown at [t:/workspace/open/src/hotspot/share/prims/methodHandles.cpp, line 1226]
Event: 14.645 Thread 0x000001873d5b2800 Exception <a 'java/lang/NoSuchMethodError'{0x00000000889b5928}: java.lang.invoke.DelegatingMethodHandle$Holder.reinvoke_L(Ljava/lang/Object;Ljava/lang/Object;IILjava/lang/Object;Ljava/lang/Object;IIILjava/lang/Object;)Ljava/lang/Object;> (0x00000000889b59
Event: 14.647 Thread 0x000001873d5b2800 Exception <a 'java/lang/NoSuchMethodError'{0x0000000088822a70}: java.lang.invoke.DirectMethodHandle$Holder.invokeSpecial(Ljava/lang/Object;Ljava/lang/Object;IIILjava/lang/Object;Ljava/lang/Object;IIILjava/lang/Object;)Ljava/lang/Object;> (0x0000000088822a
Event: 14.647 Thread 0x000001873d5b2800 Exception <a 'java/lang/NoSuchMethodError'{0x0000000088826490}: java.lang.invoke.DelegatingMethodHandle$Holder.reinvoke_L(Ljava/lang/Object;IIILjava/lang/Object;Ljava/lang/Object;IIILjava/lang/Object;)Ljava/lang/Object;> (0x0000000088826490) thrown at [t:
Event: 14.648 Thread 0x000001873d5b2800 Exception <a 'java/lang/NoSuchMethodError'{0x000000008882e6b8}: java.lang.invoke.DirectMethodHandle$Holder.invokeStatic(Ljava/lang/Object;Ljava/lang/Object;Ljava/lang/Object;Ljava/lang/Object;Ljava/lang/Object;I)Ljava/lang/Object;> (0x000000008882e6b8) th
Event: 14.648 Thread 0x000001873d5b2800 Exception <a 'java/lang/NoSuchMethodError'{0x0000000088845318}: method resolution failed> (0x0000000088845318) thrown at [t:/workspace/open/src/hotspot/share/prims/methodHandles.cpp, line 1226]
Event: 14.649 Thread 0x000001873d5b2800 Exception <a 'java/lang/NoSuchMethodError'{0x000000008885d188}: method resolution failed> (0x000000008885d188) thrown at [t:/workspace/open/src/hotspot/share/prims/methodHandles.cpp, line 1226]
Event: 14.650 Thread 0x000001873d5b2800 Exception <a 'java/lang/NoSuchMethodError'{0x0000000088876918}: method resolution failed> (0x0000000088876918) thrown at [t:/workspace/open/src/hotspot/share/prims/methodHandles.cpp, line 1226]
Event: 14.650 Thread 0x000001873d5b2800 Exception <a 'java/lang/NoSuchMethodError'{0x00000000888929d0}: method resolution failed> (0x00000000888929d0) thrown at [t:/workspace/open/src/hotspot/share/prims/methodHandles.cpp, line 1226]
Event: 14.651 Thread 0x000001873d5b2800 Exception <a 'java/lang/NoSuchMethodError'{0x000000008889db70}: method resolution failed> (0x000000008889db70) thrown at [t:/workspace/open/src/hotspot/share/prims/methodHandles.cpp, line 1226]

Events (10 events):
Event: 66.069 Thread 0x000001873d5b2800 DEOPT UNPACKING pc=0x000001871cb18a2f sp=0x000000410f7faad0 mode 2
Event: 66.069 Thread 0x000001873d5b2800 Uncommon trap: trap_request=0xffffff55 fr.pc=0x00000187246ae288 relative=0x0000000000000488
Event: 66.069 Thread 0x000001873d5b2800 DEOPT PACKING pc=0x00000187246ae288 sp=0x000000410f7faaf0
Event: 66.069 Thread 0x000001873d5b2800 DEOPT UNPACKING pc=0x000001871cb18a2f sp=0x000000410f7faac0 mode 2
Event: 69.266 Executing VM operation: G1IncCollectionPause
Event: 69.273 Executing VM operation: G1IncCollectionPause done
Event: 75.103 Executing VM operation: G1IncCollectionPause
Event: 75.135 Executing VM operation: G1IncCollectionPause done
Event: 77.165 Executing VM operation: G1IncCollectionPause
Event: 77.171 Executing VM operation: G1IncCollectionPause done


Dynamic libraries:
0x00007ff7a3080000 - 0x00007ff7a30be000 	C:\Program Files\Java\jdk-10.0.2\bin\java.exe
0x00007ffbba3e0000 - 0x00007ffbba5c1000 	C:\WINDOWS\SYSTEM32\ntdll.dll
0x00007ffb9a930000 - 0x00007ffb9a942000 	C:\Program Files\AVAST Software\Avast\aswhook.dll
0x00007ffbba2c0000 - 0x00007ffbba371000 	C:\WINDOWS\System32\KERNEL32.DLL
0x00007ffbb6c50000 - 0x00007ffbb6ec3000 	C:\WINDOWS\System32\KERNELBASE.dll
0x00007ffbb9ba0000 - 0x00007ffbb9c41000 	C:\WINDOWS\System32\ADVAPI32.dll
0x00007ffbb9c50000 - 0x00007ffbb9cee000 	C:\WINDOWS\System32\msvcrt.dll
0x00007ffbb7e20000 - 0x00007ffbb7e7b000 	C:\WINDOWS\System32\sechost.dll
0x00007ffbb7ac0000 - 0x00007ffbb7be4000 	C:\WINDOWS\System32\RPCRT4.dll
0x00007ffbba130000 - 0x00007ffbba2c0000 	C:\WINDOWS\System32\USER32.dll
0x00007ffbb7140000 - 0x00007ffbb7160000 	C:\WINDOWS\System32\win32u.dll
0x00007ffbba380000 - 0x00007ffbba3a8000 	C:\WINDOWS\System32\GDI32.dll
0x00007ffbb6ed0000 - 0x00007ffbb7062000 	C:\WINDOWS\System32\gdi32full.dll
0x00007ffbb67b0000 - 0x00007ffbb684f000 	C:\WINDOWS\System32\msvcp_win.dll
0x00007ffbb6960000 - 0x00007ffbb6a58000 	C:\WINDOWS\System32\ucrtbase.dll
0x00007ffbaa530000 - 0x00007ffbaa799000 	C:\WINDOWS\WinSxS\amd64_microsoft.windows.common-controls_6595b64144ccf1df_6.0.17134.706_none_fb43a2cb30647007\COMCTL32.dll
0x00007ffbb9e00000 - 0x00007ffbba122000 	C:\WINDOWS\System32\combase.dll
0x00007ffbb70c0000 - 0x00007ffbb713a000 	C:\WINDOWS\System32\bcryptPrimitives.dll
0x00007ffbb23a0000 - 0x00007ffbb23aa000 	C:\WINDOWS\SYSTEM32\VERSION.dll
0x00007ffbb9dd0000 - 0x00007ffbb9dfd000 	C:\WINDOWS\System32\IMM32.DLL
0x00007ffb99ab0000 - 0x00007ffb99b9f000 	C:\Program Files\Java\jdk-10.0.2\bin\msvcr120.dll
0x00007ffb93070000 - 0x00007ffb93116000 	C:\Program Files\Java\jdk-10.0.2\bin\msvcp120.dll
0x0000000061cc0000 - 0x0000000062730000 	C:\Program Files\Java\jdk-10.0.2\bin\server\jvm.dll
0x00007ffbb9b80000 - 0x00007ffbb9b88000 	C:\WINDOWS\System32\PSAPI.DLL
0x00007ffbaf5e0000 - 0x00007ffbaf5e9000 	C:\WINDOWS\SYSTEM32\WSOCK32.dll
0x00007ffbb7e80000 - 0x00007ffbb7eec000 	C:\WINDOWS\System32\WS2_32.dll
0x00007ffbb4980000 - 0x00007ffbb49a3000 	C:\WINDOWS\SYSTEM32\WINMM.dll
0x00007ffbb4830000 - 0x00007ffbb485a000 	C:\WINDOWS\SYSTEM32\WINMMBASE.dll
0x00007ffbb7070000 - 0x00007ffbb70b9000 	C:\WINDOWS\System32\cfgmgr32.dll
0x00007ffbada80000 - 0x00007ffbada8f000 	C:\Program Files\Java\jdk-10.0.2\bin\verify.dll
0x00007ffbae030000 - 0x00007ffbae1f9000 	C:\WINDOWS\SYSTEM32\DBGHELP.DLL
0x00007ffbadf60000 - 0x00007ffbadf89000 	C:\WINDOWS\SYSTEM32\dbgcore.DLL
0x00007ffba87b0000 - 0x00007ffba87d7000 	C:\Program Files\Java\jdk-10.0.2\bin\java.dll
0x00007ffbb0890000 - 0x00007ffbb08ba000 	C:\Program Files\Java\jdk-10.0.2\bin\instrument.dll
0x00007ffba8790000 - 0x00007ffba87a6000 	C:\Program Files\Java\jdk-10.0.2\bin\zip.dll
0x00007ffbacdc0000 - 0x00007ffbacdca000 	C:\Program Files\Java\jdk-10.0.2\bin\jimage.dll
0x00007ffbb8560000 - 0x00007ffbb99a0000 	C:\WINDOWS\System32\SHELL32.dll
0x00007ffbb7bf0000 - 0x00007ffbb7c99000 	C:\WINDOWS\System32\shcore.dll
0x00007ffbb7160000 - 0x00007ffbb786d000 	C:\WINDOWS\System32\windows.storage.dll
0x00007ffbb7a60000 - 0x00007ffbb7ab1000 	C:\WINDOWS\System32\shlwapi.dll
0x00007ffbb6760000 - 0x00007ffbb6771000 	C:\WINDOWS\System32\kernel.appcore.dll
0x00007ffbb6790000 - 0x00007ffbb67af000 	C:\WINDOWS\System32\profapi.dll
0x00007ffbb66f0000 - 0x00007ffbb673c000 	C:\WINDOWS\System32\powrprof.dll
0x00007ffbb6780000 - 0x00007ffbb678a000 	C:\WINDOWS\System32\FLTLIB.DLL
0x00007ffba1a20000 - 0x00007ffba1a3a000 	C:\Program Files\Java\jdk-10.0.2\bin\net.dll
0x00007ffbafc80000 - 0x00007ffbafd5d000 	C:\WINDOWS\SYSTEM32\WINHTTP.dll
0x00007ffbb5f70000 - 0x00007ffbb5fd6000 	C:\WINDOWS\system32\mswsock.dll
0x00007ffba1a00000 - 0x00007ffba1a11000 	C:\Program Files\Java\jdk-10.0.2\bin\nio.dll
0x00007ffbb1240000 - 0x00007ffbb125a000 	C:\Program Files\JetBrains\IntelliJ IDEA 2018.3.5\bin\breakgen64.dll
0x00007ffb71a00000 - 0x00007ffb71b9b000 	C:\Program Files\Java\jdk-10.0.2\bin\awt.dll
0x00007ffbb9d00000 - 0x00007ffbb9dc2000 	C:\WINDOWS\System32\OLEAUT32.dll
0x00007ffbb3ca0000 - 0x00007ffbb4267000 	C:\WINDOWS\SYSTEM32\d2d1.dll
0x00007ffbb4a80000 - 0x00007ffbb4b0b000 	C:\WINDOWS\SYSTEM32\apphelp.dll
0x00007ffbb4e80000 - 0x00007ffbb4ea9000 	C:\WINDOWS\system32\DWMAPI.DLL
0x00007ffbb4c30000 - 0x00007ffbb4cc8000 	C:\WINDOWS\system32\uxtheme.dll
0x00007ffb85a20000 - 0x00007ffb85b40000 	C:\WINDOWS\system32\opengl32.dll
0x00007ffba8a60000 - 0x00007ffba8a8c000 	C:\WINDOWS\SYSTEM32\GLU32.dll
0x00007ffbb7ca0000 - 0x00007ffbb7e13000 	C:\WINDOWS\System32\MSCTF.dll
0x00007ffbb9a20000 - 0x00007ffbb9b71000 	C:\WINDOWS\System32\ole32.dll
0x00007ffbac7f0000 - 0x00007ffbac987000 	C:\WINDOWS\system32\d3d9.dll
0x00007ffbadd90000 - 0x00007ffbade7e000 	C:\WINDOWS\System32\DriverStore\FileRepository\nv_dispi.inf_amd64_ed316ebc2bdc1c66\nvldumdx.dll
0x00007ffbb6a60000 - 0x00007ffbb6c42000 	C:\WINDOWS\System32\crypt32.dll
0x00007ffbb6740000 - 0x00007ffbb6752000 	C:\WINDOWS\System32\MSASN1.dll
0x00007ffbb6850000 - 0x00007ffbb68a7000 	C:\WINDOWS\System32\WINTRUST.DLL
0x00007ffbb99a0000 - 0x00007ffbb99bd000 	C:\WINDOWS\System32\imagehlp.dll
0x00007ffbb6120000 - 0x00007ffbb6137000 	C:\WINDOWS\SYSTEM32\CRYPTSP.dll
0x00007ffbb5b50000 - 0x00007ffbb5b83000 	C:\WINDOWS\system32\rsaenh.dll
0x00007ffbb6250000 - 0x00007ffbb6275000 	C:\WINDOWS\SYSTEM32\bcrypt.dll
0x00007ffbb6140000 - 0x00007ffbb614b000 	C:\WINDOWS\SYSTEM32\CRYPTBASE.dll
0x00007ffb49e90000 - 0x00007ffb4b327000 	C:\WINDOWS\System32\DriverStore\FileRepository\nv_dispi.inf_amd64_ed316ebc2bdc1c66\nvd3dumx.dll
0x00007ffb76570000 - 0x00007ffb7681e000 	C:\WINDOWS\system32\nvspcap64.dll
0x00007ffbb57e0000 - 0x00007ffbb5811000 	C:\WINDOWS\SYSTEM32\ntmarta.dll
0x00007ffbb5430000 - 0x00007ffbb5452000 	C:\WINDOWS\SYSTEM32\gpapi.dll
0x00007ffbb18a0000 - 0x00007ffbb18ce000 	C:\WINDOWS\SYSTEM32\cryptnet.dll
0x00007ffba1850000 - 0x00007ffba18b5000 	C:\Program Files\Java\jdk-10.0.2\bin\fontmanager.dll
0x00007ffbaa120000 - 0x00007ffbaa1b6000 	C:\WINDOWS\System32\TextInputFramework.dll
0x00007ffbb1d60000 - 0x00007ffbb207e000 	C:\WINDOWS\System32\CoreUIComponents.dll
0x00007ffbb4750000 - 0x00007ffbb482a000 	C:\WINDOWS\System32\CoreMessaging.dll
0x00007ffbb2630000 - 0x00007ffbb277d000 	C:\WINDOWS\SYSTEM32\wintypes.dll
0x00007ffbb0840000 - 0x00007ffbb0882000 	C:\Program Files\Java\jdk-10.0.2\bin\t2k.dll

dbghelp: loaded successfully - version: 4.0.5 - missing functions: none
symbol engine: initialized successfully - sym options: 0x614 - pdb path: .;C:\Program Files\Java\jdk-10.0.2\bin;C:\WINDOWS\SYSTEM32;C:\Program Files\AVAST Software\Avast;C:\WINDOWS\WinSxS\amd64_microsoft.windows.common-controls_6595b64144ccf1df_6.0.17134.706_none_fb43a2cb30647007;C:\Program Files\Java\jdk-10.0.2\bin\server;C:\Program Files\JetBrains\IntelliJ IDEA 2018.3.5\bin;C:\WINDOWS\System32\DriverStore\FileRepository\nv_dispi.inf_amd64_ed316ebc2bdc1c66

VM Arguments:
jvm_args: -javaagent:C:\Program Files\JetBrains\IntelliJ IDEA 2018.3.5\lib\idea_rt.jar=54762:C:\Program Files\JetBrains\IntelliJ IDEA 2018.3.5\bin -Dfile.encoding=UTF-8 
java_command: Main
java_class_path (initial): C:\Users\msmok\Desktop\ProjektGUI\out\production\Projekt
Launcher Type: SUN_STANDARD

Logging:
Log output configuration:
#0: stdout all=warning uptime,level,tags
#1: stderr all=off uptime,level,tags

Environment Variables:
JAVA_HOME=C:\Program Files\Java\jdk-10.0.2
PATH=C:\Program Files (x86)\Common Files\Oracle\Java\javapath;C:\WINDOWS\system32;C:\WINDOWS;C:\WINDOWS\System32\Wbem;C:\WINDOWS\System32\WindowsPowerShell\v1.0\;C:\Program Files (x86)\NVIDIA Corporation\PhysX\Common;C:\WINDOWS\system32;C:\WINDOWS;C:\WINDOWS\System32\Wbem;C:\WINDOWS\System32\WindowsPowerShell\v1.0\;C:\WINDOWS\System32\OpenSSH\;C:\Program Files\Java\jdk-10.0.2\bin;;C:\Program Files\NVIDIA Corporation\NVIDIA NvDLISR;C:\Users\msmok\AppData\Local\Microsoft\WindowsApps;
USERNAME=msmok
OS=Windows_NT
PROCESSOR_IDENTIFIER=Intel64 Family 6 Model 94 Stepping 3, GenuineIntel



---------------  S Y S T E M  ---------------

OS: Windows 10 , 64 bit Build 17134 (10.0.17134.706)

CPU:total 4 (initial active 4) (4 cores per cpu, 1 threads per core) family 6 model 94 stepping 3, cmov, cx8, fxsr, mmx, sse, sse2, sse3, ssse3, sse4.1, sse4.2, popcnt, avx, avx2, aes, clmul, erms, rtm, 3dnowpref, lzcnt, tsc, tscinvbit, bmi1, bmi2, adx, fma

Memory: 4k page, physical 8331884k(763092k free), swap 22881640k(0k free)

vm_info: Java HotSpot(TM) 64-Bit Server VM (10.0.2+13) for windows-amd64 JRE (10.0.2+13), built on Jun 28 2018 01:57:56 by "mach5one" with MS VC++ 12.0 (VS2013)

END.
